#
# There is insufficient memory for the Java Runtime Environment to continue.
# Native memory allocation (mmap) failed to map 264241152 bytes. Error detail: G1 virtual space
# Possible reasons:
#   The system is out of physical RAM or swap space
#   This process is running with CompressedOops enabled, and the Java Heap may be blocking the growth of the native heap
# Possible solutions:
#   Reduce memory load on the system
#   Increase physical memory or swap space
#   Check if swap backing store is full
#   Decrease Java heap size (-Xmx/-Xms)
#   Decrease number of Java threads
#   Decrease Java thread stack sizes (-Xss)
#   Set larger code cache with -XX:ReservedCodeCacheSize=
#   JVM is running with Zero Based Compressed Oops mode in which the Java heap is
#     placed in the first 32GB address space. The Java Heap base address is the
#     maximum limit for the native heap growth. Please use -XX:HeapBaseMinAddress
#     to set the Java Heap base and to place the Java Heap above 32GB virtual address.
# This output file may be truncated or incomplete.
#
#  Out of Memory Error (os_windows.cpp:3554), pid=32992, tid=1476
#
# JRE version:  (25.0.1+8) (build )
# Java VM: OpenJDK 64-Bit Server VM (25.0.1+8-LTS, mixed mode, sharing, tiered, compressed oops, compressed class ptrs, g1 gc, windows-amd64)
# No core dump will be written. Minidumps are not enabled by default on client versions of Windows
#

---------------  S U M M A R Y ------------

Command Line: -Dfile.encoding=UTF-8 --module-path=C:\Users\TANAVYA\Desktop\University Management System\build\classes university.management.system.Project

Host: 13th Gen Intel(R) Core(TM) i7-13620H, 16 cores, 15G,  Windows 11 , 64 bit Build 26100 (10.0.26100.6725)
Time: Sun Dec 21 20:28:23 2025 India Standard Time elapsed time: 2.034862 seconds (0d 0h 0m 2s)

---------------  T H R E A D  ---------------

Current thread (0x00000172e6011b10):  JavaThread "Unknown thread" [_thread_in_vm, id=1476, stack(0x0000004652d00000,0x0000004652e00000) (1024K)]

Stack: [0x0000004652d00000,0x0000004652e00000]
Native frames: (J=compiled Java code, j=interpreted, Vv=VM code, C=native code)
V  [jvm.dll+0x7a8379]  (no source info available)
V  [jvm.dll+0x7729fd]  (no source info available)
V  [jvm.dll+0x9f57b3]  (no source info available)
V  [jvm.dll+0x9f7da1]  (no source info available)
V  [jvm.dll+0x9f84a3]  (no source info available)
V  [jvm.dll+0x2fcd26]  (no source info available)
V  [jvm.dll+0x7a45a5]  (no source info available)
V  [jvm.dll+0x797a07]  (no source info available)
V  [jvm.dll+0x3f4cb8]  (no source info available)
V  [jvm.dll+0x3fcbf6]  (no source info available)
V  [jvm.dll+0x3e938e]  (no source info available)
V  [jvm.dll+0x3e9648]  (no source info available)
V  [jvm.dll+0x3c0b15]  (no source info available)
V  [jvm.dll+0x3c179e]  (no source info available)
V  [jvm.dll+0x9bbc74]  (no source info available)
V  [jvm.dll+0x459892]  (no source info available)
V  [jvm.dll+0x99faa2]  (no source info available)
V  [jvm.dll+0x4fa061]  (no source info available)
V  [jvm.dll+0x4fb951]  (no source info available)
C  [jli.dll+0x53fa]  (no source info available)
C  [ucrtbase.dll+0x37b0]  (no source info available)
C  [KERNEL32.DLL+0x2e8d7]  (no source info available)
C  [ntdll.dll+0x8c53c]  (no source info available)

Lock stack of current Java thread (top to bottom):


---------------  P R O C E S S  ---------------

Threads class SMR info:
_java_thread_list=0x00007ffa4d32df88, length=0, elements={
}

Java Threads: ( => current thread )
Total: 0

Other Threads:
  0x00000172e8413770 WorkerThread "GC Thread#0"                     [id=32320, stack(0x0000004652e00000,0x0000004652f00000) (1024K)]
  0x00000172e842c120 ConcurrentGCThread "G1 Main Marker"            [id=33388, stack(0x0000004652f00000,0x0000004653000000) (1024K)]
  0x00000172e842ccc0 WorkerThread "G1 Conc#0"                       [id=8524, stack(0x0000004653000000,0x0000004653100000) (1024K)]

[error occurred during error reporting (printing all threads), id 0xc0000005, EXCEPTION_ACCESS_VIOLATION (0xc0000005) at pc=0x00007ffa4c95538a]
VM state: not at safepoint (not fully initialized)

VM Mutex/Monitor currently owned by a thread:  ([mutex/lock_event])
[0x00007ffa4d3b64e8] Heap_lock - owner thread: 0x00000172e6011b10

Heap address: 0x0000000704c00000, size: 4020 MB, Compressed Oops mode: Zero based, Oop shift amount: 3

CDS archive(s) mapped at: [0x0000000000000000-0x0000000000000000-0x0000000000000000), size 0, SharedBaseAddress: 0x0000000800000000, ArchiveRelocationMode: 1.
UseCompressedClassPointers 1, UseCompactObjectHeaders 0
Narrow klass pointer bits 32, Max shift 3
Narrow klass base: 0xffffffffffffffff, Narrow klass shift: -1
Encoding Range: [0xffffffffffffffff - 0x000000007fffffff), (2147483648 bytes)
Klass Range:    [0x0000000000000000 - 0x0000000000000000), (0 bytes)
Klass ID Range:  [4294967295 - 0) (1)
No protection zone.

GC Precious Log:
 CardTable entry size: 512
 Card Set container configuration: InlinePtr #cards 4 size 8 Array Of Cards #cards 16 size 48 Howl #buckets 8 coarsen threshold 3686 Howl Bitmap #cards 512 size 80 coarsen threshold 460 Card regions per heap region 1 cards per card region 4096

Heap:
 garbage-first heap   total reserved 4116480K, committed 0K, used 0K [0x0000000704c00000, 0x0000000800000000)
  region size 2048K, 0 young (0K), 0 survivors (0K)

Heap Regions: E=young(eden), S=young(survivor), O=old, HS=humongous(starts), HC=humongous(continues), CS=collection set, F=free, TAMS=top-at-mark-start, PB=parsable bottom

Card table byte_map: [0x0000017280f50000,0x0000017281730000] _byte_map_base: 0x000001727d72a000

Marking Bits: (CMBitMap*) 0x00000172e8413f00
 Bits: [0x0000017281730000, 0x0000017285600000)

GC Heap Usage History (0 events):
No events

Metaspace Usage History (0 events):
No events

Dll operation events (1 events):
Event: 0.006 Loaded shared library C:\Program Files\Apache NetBeans\jdk\bin\java.dll

Deoptimization events (0 events):
No events

Classes loaded (0 events):
No events

Classes unloaded (0 events):
No events

Classes redefined (0 events):
No events

Internal exceptions (0 events):
No events

VM Operations (0 events):
No events

Memory protections (0 events):
No events

Nmethod flushes (0 events):
No events

Events (0 events):
No events


Dynamic libraries:
0x00007ff683d30000 - 0x00007ff683d3e000 	C:\Program Files\Apache NetBeans\jdk\bin\java.exe
0x00007ffaac280000 - 0x00007ffaac4e8000 	C:\Windows\SYSTEM32\ntdll.dll
0x00007ffaaa100000 - 0x00007ffaaa1c9000 	C:\Windows\System32\KERNEL32.DLL
0x00007ffaa99c0000 - 0x00007ffaa9db2000 	C:\Windows\System32\KERNELBASE.dll
0x00007ffaa9590000 - 0x00007ffaa96db000 	C:\Windows\System32\ucrtbase.dll
0x00007ffa91d10000 - 0x00007ffa91d2e000 	C:\Program Files\Apache NetBeans\jdk\bin\VCRUNTIME140.dll
0x00007ffa84e80000 - 0x00007ffa84e96000 	C:\Program Files\Apache NetBeans\jdk\bin\jli.dll
0x00007ffaaaa30000 - 0x00007ffaaabf5000 	C:\Windows\System32\USER32.dll
0x00007ffa8eed0000 - 0x00007ffa8f163000 	C:\Windows\WinSxS\amd64_microsoft.windows.common-controls_6595b64144ccf1df_6.0.26100.6899_none_3e0efeeae32e88c1\COMCTL32.dll
0x00007ffaa9790000 - 0x00007ffaa97b7000 	C:\Windows\System32\win32u.dll
0x00007ffaab8d0000 - 0x00007ffaab8fb000 	C:\Windows\System32\GDI32.dll
0x00007ffaab120000 - 0x00007ffaab1c9000 	C:\Windows\System32\msvcrt.dll
0x00007ffaa9dc0000 - 0x00007ffaa9eed000 	C:\Windows\System32\gdi32full.dll
0x00007ffaa96e0000 - 0x00007ffaa9783000 	C:\Windows\System32\msvcp_win.dll
0x00007ffaab0e0000 - 0x00007ffaab10f000 	C:\Windows\System32\IMM32.DLL
0x00007ffaa3880000 - 0x00007ffaa388c000 	C:\Program Files\Apache NetBeans\jdk\bin\vcruntime140_1.dll
0x00007ffa4ded0000 - 0x00007ffa4df5d000 	C:\Program Files\Apache NetBeans\jdk\bin\msvcp140.dll
0x00007ffa4c580000 - 0x00007ffa4d4a6000 	C:\Program Files\Apache NetBeans\jdk\bin\server\jvm.dll
0x00007ffaaa960000 - 0x00007ffaaaa14000 	C:\Windows\System32\ADVAPI32.dll
0x00007ffaaa050000 - 0x00007ffaaa0f6000 	C:\Windows\System32\sechost.dll
0x00007ffaab430000 - 0x00007ffaab548000 	C:\Windows\System32\RPCRT4.dll
0x00007ffaabba0000 - 0x00007ffaabc14000 	C:\Windows\System32\WS2_32.dll
0x00007ffaa9290000 - 0x00007ffaa92ee000 	C:\Windows\SYSTEM32\POWRPROF.dll
0x00007ffa9b570000 - 0x00007ffa9b5a5000 	C:\Windows\SYSTEM32\WINMM.dll
0x00007ffa8fff0000 - 0x00007ffa8fffb000 	C:\Windows\SYSTEM32\VERSION.dll
0x00007ffaa9270000 - 0x00007ffaa9284000 	C:\Windows\SYSTEM32\UMPDC.dll
0x00007ffaa81a0000 - 0x00007ffaa81bb000 	C:\Windows\SYSTEM32\kernel.appcore.dll
0x00007ffa93f60000 - 0x00007ffa93f6a000 	C:\Program Files\Apache NetBeans\jdk\bin\jimage.dll
0x00007ffaa6b30000 - 0x00007ffaa6d72000 	C:\Windows\SYSTEM32\DBGHELP.DLL
0x00007ffaab550000 - 0x00007ffaab8cb000 	C:\Windows\System32\combase.dll
0x00007ffaab1d0000 - 0x00007ffaab2a7000 	C:\Windows\System32\OLEAUT32.dll
0x00007ffa8e050000 - 0x00007ffa8e08c000 	C:\Windows\SYSTEM32\dbgcore.DLL
0x00007ffaa9fb0000 - 0x00007ffaaa048000 	C:\Windows\System32\bcryptPrimitives.dll
0x00007ffa91c90000 - 0x00007ffa91cae000 	C:\Program Files\Apache NetBeans\jdk\bin\java.dll
0x00007ffaaad00000 - 0x00007ffaaae98000 	C:\Windows\System32\ole32.dll
0x00007ffaaa200000 - 0x00007ffaaa94d000 	C:\Windows\System32\SHELL32.dll
0x00007ffaa9850000 - 0x00007ffaa99bb000 	C:\Windows\System32\wintypes.dll

JVMTI agents: none

dbghelp: loaded successfully - version: 4.0.5 - missing functions: none
symbol engine: initialized successfully - sym options: 0x614 - pdb path: .;C:\Program Files\Apache NetBeans\jdk\bin;C:\Windows\SYSTEM32;C:\Windows\WinSxS\amd64_microsoft.windows.common-controls_6595b64144ccf1df_6.0.26100.6899_none_3e0efeeae32e88c1;C:\Program Files\Apache NetBeans\jdk\bin\server

VM Arguments:
jvm_args: -Dfile.encoding=UTF-8 --module-path=C:\Users\TANAVYA\Desktop\University Management System\build\classes 
java_command: university.management.system.Project
java_class_path (initial): C:\Users\TANAVYA\Desktop\University Management System\build\classes
Launcher Type: SUN_STANDARD

[Global flags]
     intx CICompilerCount                          = 12                                        {product} {ergonomic}
     uint ConcGCThreads                            = 3                                         {product} {ergonomic}
     uint G1ConcRefinementThreads                  = 13                                        {product} {ergonomic}
   size_t G1HeapRegionSize                         = 2097152                                   {product} {ergonomic}
   size_t InitialHeapSize                          = 264241152                                 {product} {ergonomic}
   size_t MarkStackSize                            = 4194304                                   {product} {ergonomic}
   size_t MarkStackSizeMax                         = 536870912                                 {product} {ergonomic}
   size_t MaxHeapSize                              = 4215275520                                {product} {ergonomic}
   size_t MinHeapDeltaBytes                        = 2097152                                   {product} {ergonomic}
   size_t MinHeapSize                              = 8388608                                   {product} {ergonomic}
    uintx NonNMethodCodeHeapSize                   = 7602176                                {pd product} {ergonomic}
    uintx NonProfiledCodeHeapSize                  = 122093568                              {pd product} {ergonomic}
    uintx ProfiledCodeHeapSize                     = 121962496                              {pd product} {ergonomic}
    uintx ReservedCodeCacheSize                    = 251658240                              {pd product} {ergonomic}
     bool SegmentedCodeCache                       = true                                      {product} {ergonomic}
   size_t SoftMaxHeapSize                          = 4215275520                             {manageable} {ergonomic}
     bool UseCompressedOops                        = true                           {product lp64_product} {ergonomic}
     bool UseG1GC                                  = true                                      {product} {ergonomic}
     bool UseLargePagesIndividualAllocation        = false                                  {pd product} {ergonomic}

Logging:
Log output configuration:
 #0: stdout all=warning uptime,level,tags foldmultilines=false
 #1: stderr all=off uptime,level,tags foldmultilines=false

Release file:
<release file has not been read>
Environment Variables:
PATH=C:\Program Files\Common Files\Oracle\Java\javapath;C:\Windows\system32;C:\Windows;C:\Windows\System32\Wbem;C:\Windows\System32\WindowsPowerShell\v1.0\;C:\Windows\System32\OpenSSH\;C:\TDM-GCC-64\bin;C:\Program Files (x86)\Windows Kits\10\Windows Performance Toolkit\;C:\Program Files\dotnet\;C:\MinGW\bin;C:\Program Files\Git\cmd;C:\Program Files\MySQL\MySQL Shell 8.0\bin\;C:\Users\TANAVYA\AppData\Local\Microsoft\WindowsApps;C:\Users\TANAVYA\AppData\Local\Programs\Microsoft VS Code\bin;C:\Users\TANAVYA\.dotnet\tools
USERNAME=TANAVYA
OS=Windows_NT
PROCESSOR_IDENTIFIER=Intel64 Family 6 Model 186 Stepping 2, GenuineIntel
TMP=C:\Users\TANAVYA\AppData\Local\Temp
TEMP=C:\Users\TANAVYA\AppData\Local\Temp




Compilation memory statistics disabled.

Periodic native trim disabled

---------------  S Y S T E M  ---------------

OS:
 Windows 11 , 64 bit Build 26100 (10.0.26100.6725)
OS uptime: 9 days 1:12 hours
Hyper-V role detected

CPU: total 16 (initial active 16) (8 cores per cpu, 2 threads per core) family 6 model 186 stepping 2 microcode 0x4112, cx8, cmov, fxsr, ht, mmx, 3dnowpref, sse, sse2, sse3, ssse3, sse4.1, sse4.2, popcnt, lzcnt, tsc, tscinvbit, avx, avx2, aes, erms, clmul, bmi1, bmi2, adx, sha, fma, vzeroupper, clflush, clflushopt, clwb, hv, serialize, rdtscp, rdpid, fsrm, gfni, f16c, cet_ibt, cet_ss
Processor Information for processor 0
  Max Mhz: 2400, Current Mhz: 2400, Mhz Limit: 2400
Processor Information for processor 1
  Max Mhz: 2400, Current Mhz: 2400, Mhz Limit: 2400
Processor Information for processor 2
  Max Mhz: 2400, Current Mhz: 2400, Mhz Limit: 2400
Processor Information for processor 3
  Max Mhz: 2400, Current Mhz: 1520, Mhz Limit: 2400
Processor Information for processor 4
  Max Mhz: 2400, Current Mhz: 1520, Mhz Limit: 2400
Processor Information for processor 5
  Max Mhz: 2400, Current Mhz: 2400, Mhz Limit: 2400
Processor Information for processor 6
  Max Mhz: 2400, Current Mhz: 2400, Mhz Limit: 2400
Processor Information for processor 7
  Max Mhz: 2400, Current Mhz: 2400, Mhz Limit: 2400
Processor Information for processor 8
  Max Mhz: 2400, Current Mhz: 2400, Mhz Limit: 2400
Processor Information for processor 9
  Max Mhz: 2400, Current Mhz: 2400, Mhz Limit: 2400
Processor Information for processor 10
  Max Mhz: 2400, Current Mhz: 2400, Mhz Limit: 2400
Processor Information for processor 11
  Max Mhz: 2400, Current Mhz: 2400, Mhz Limit: 2400
Processor Information for processor 12
  Max Mhz: 2400, Current Mhz: 1800, Mhz Limit: 1800
Processor Information for processor 13
  Max Mhz: 2400, Current Mhz: 1500, Mhz Limit: 1800
Processor Information for processor 14
  Max Mhz: 2400, Current Mhz: 1500, Mhz Limit: 1800
Processor Information for processor 15
  Max Mhz: 2400, Current Mhz: 1500, Mhz Limit: 1800

Memory: 4k page, system-wide physical 16076M (4549M free)
TotalPageFile size 51190M (AvailPageFile size 222M)
current process WorkingSet (physical memory assigned to process): 14M, peak: 14M
current process commit charge ("private bytes"): 71M, peak: 323M

vm_info: OpenJDK 64-Bit Server VM (25.0.1+8-LTS) for windows-amd64 JRE (25.0.1+8-LTS), built on 2025-10-21T00:00:00Z with unknown MS VC++:1942

END.
